Job Start: Wed Jan 28 06:24:26 PM CST 2026
Node: cn1
Using device: cuda
Loading labeled dataset for Supervised + Physics training...
Dataset Stats: Mean=-0.0837, Std=1.2627
✅ 预训练权重已加载 (匹配 79/79)。
⚠️ 预训练中多余参数数量: 18
🚀 Starting Supervised + Physics Fine-tuning...
Epoch 1: Total Loss=5.1188 | MSE=0.2499
Epoch 2: Total Loss=4.2642 | MSE=0.2059
Epoch 3: Total Loss=3.8606 | MSE=0.1900
Epoch 4: Total Loss=3.7752 | MSE=0.1881
Epoch 5: Total Loss=3.6622 | MSE=0.1802
Epoch 6: Total Loss=3.5119 | MSE=0.1745
Epoch 7: Total Loss=3.3719 | MSE=0.1716
Epoch 8: Total Loss=3.3731 | MSE=0.1704
Epoch 9: Total Loss=3.2684 | MSE=0.1633
Epoch 10: Total Loss=3.2361 | MSE=0.1646
Epoch 11: Total Loss=3.1774 | MSE=0.1630
Epoch 12: Total Loss=3.1957 | MSE=0.1624
Epoch 13: Total Loss=3.1760 | MSE=0.1614
Epoch 14: Total Loss=3.2278 | MSE=0.1654
Epoch 15: Total Loss=3.1667 | MSE=0.1621
Epoch 16: Total Loss=3.1831 | MSE=0.1617
Epoch 17: Total Loss=3.2135 | MSE=0.1640
Epoch 18: Total Loss=3.2421 | MSE=0.1639
Epoch 19: Total Loss=3.2409 | MSE=0.1639
Epoch 20: Total Loss=3.2588 | MSE=0.1667
Epoch 21: Total Loss=3.1836 | MSE=0.1644
Epoch 22: Total Loss=3.2861 | MSE=0.1685
Epoch 23: Total Loss=3.5117 | MSE=0.1783
Epoch 24: Total Loss=3.1997 | MSE=0.1644
Epoch 25: Total Loss=3.2028 | MSE=0.1631
Epoch 26: Total Loss=3.3009 | MSE=0.1683
Epoch 27: Total Loss=3.3135 | MSE=0.1695
Epoch 28: Total Loss=3.2604 | MSE=0.1668
Epoch 29: Total Loss=3.3013 | MSE=0.1683
Epoch 30: Total Loss=3.1698 | MSE=0.1624
Epoch 31: Total Loss=3.3493 | MSE=0.1714
Epoch 32: Total Loss=3.4988 | MSE=0.1785
Epoch 33: Total Loss=3.5078 | MSE=0.1793
Epoch 34: Total Loss=3.4982 | MSE=0.1786
Epoch 35: Total Loss=3.3232 | MSE=0.1705
Epoch 36: Total Loss=3.3384 | MSE=0.1703
Epoch 37: Total Loss=3.5227 | MSE=0.1805
Epoch 38: Total Loss=3.4608 | MSE=0.1766
Epoch 39: Total Loss=3.4071 | MSE=0.1745
Epoch 40: Total Loss=3.5122 | MSE=0.1790
Epoch 41: Total Loss=3.5311 | MSE=0.1811
Epoch 42: Total Loss=3.5170 | MSE=0.1786
Epoch 43: Total Loss=3.6191 | MSE=0.1847
Epoch 44: Total Loss=3.6054 | MSE=0.1839
Epoch 45: Total Loss=3.5809 | MSE=0.1829
Epoch 46: Total Loss=3.5161 | MSE=0.1794
Epoch 47: Total Loss=3.5224 | MSE=0.1793
Epoch 48: Total Loss=3.6227 | MSE=0.1859
Epoch 49: Total Loss=3.6066 | MSE=0.1834
Epoch 50: Total Loss=3.5654 | MSE=0.1833
Epoch 51: Total Loss=3.6769 | MSE=0.1871
Epoch 52: Total Loss=3.7114 | MSE=0.1879
Epoch 53: Total Loss=3.7653 | MSE=0.1929
Epoch 54: Total Loss=3.6845 | MSE=0.1892
Epoch 55: Total Loss=3.9810 | MSE=0.2009
Epoch 56: Total Loss=3.8226 | MSE=0.1959
Epoch 57: Total Loss=3.7328 | MSE=0.1900
Epoch 58: Total Loss=3.7945 | MSE=0.1946
Epoch 59: Total Loss=3.9432 | MSE=0.2017
Epoch 60: Total Loss=3.8433 | MSE=0.1974
Epoch 61: Total Loss=3.7928 | MSE=0.1945
Epoch 62: Total Loss=3.8543 | MSE=0.1969
Epoch 63: Total Loss=3.8754 | MSE=0.1972
Epoch 64: Total Loss=3.8228 | MSE=0.1960
Epoch 65: Total Loss=3.9017 | MSE=0.1992
Epoch 66: Total Loss=3.9514 | MSE=0.2011
Epoch 67: Total Loss=3.9814 | MSE=0.2042
Epoch 68: Total Loss=3.9575 | MSE=0.2022
Epoch 69: Total Loss=4.0846 | MSE=0.2087
Epoch 70: Total Loss=4.0126 | MSE=0.2050
Epoch 71: Total Loss=4.0941 | MSE=0.2076
Epoch 72: Total Loss=4.2001 | MSE=0.2119
Epoch 73: Total Loss=4.2118 | MSE=0.2151
Epoch 74: Total Loss=4.0041 | MSE=0.2050
Epoch 75: Total Loss=4.1069 | MSE=0.2109
Epoch 76: Total Loss=4.2194 | MSE=0.2154
Epoch 77: Total Loss=4.1381 | MSE=0.2108
Epoch 78: Total Loss=4.3559 | MSE=0.2235
Epoch 79: Total Loss=4.1582 | MSE=0.2116
Epoch 80: Total Loss=4.1275 | MSE=0.2113
Epoch 81: Total Loss=4.3068 | MSE=0.2204
Epoch 82: Total Loss=4.2279 | MSE=0.2167
Epoch 83: Total Loss=4.2301 | MSE=0.2160
Epoch 84: Total Loss=4.2978 | MSE=0.2192
Epoch 85: Total Loss=4.4248 | MSE=0.2266
Epoch 86: Total Loss=4.3507 | MSE=0.2221
Epoch 87: Total Loss=4.3486 | MSE=0.2227
Epoch 88: Total Loss=4.3424 | MSE=0.2221
Epoch 89: Total Loss=4.2551 | MSE=0.2172
Epoch 90: Total Loss=4.3291 | MSE=0.2207
Epoch 91: Total Loss=4.2582 | MSE=0.2180
Epoch 92: Total Loss=4.3944 | MSE=0.2244
Epoch 93: Total Loss=4.4587 | MSE=0.2280
Epoch 94: Total Loss=4.3831 | MSE=0.2245
Epoch 95: Total Loss=4.4560 | MSE=0.2276
Epoch 96: Total Loss=4.5900 | MSE=0.2338
Epoch 97: Total Loss=4.6400 | MSE=0.2339
Epoch 98: Total Loss=4.5227 | MSE=0.2311
Epoch 99: Total Loss=4.5124 | MSE=0.2315
Epoch 100: Total Loss=4.4652 | MSE=0.2269
Epoch 101: Total Loss=4.5145 | MSE=0.2304
Epoch 102: Total Loss=4.4304 | MSE=0.2268
Epoch 103: Total Loss=4.5386 | MSE=0.2328
Epoch 104: Total Loss=4.5931 | MSE=0.2344
Epoch 105: Total Loss=4.5230 | MSE=0.2313
Epoch 106: Total Loss=4.6680 | MSE=0.2379
Epoch 107: Total Loss=4.5815 | MSE=0.2344
Epoch 108: Total Loss=4.8924 | MSE=0.2486
Epoch 109: Total Loss=4.7483 | MSE=0.2429
Epoch 110: Total Loss=4.7316 | MSE=0.2416
Epoch 111: Total Loss=4.7138 | MSE=0.2406
Epoch 112: Total Loss=4.8094 | MSE=0.2452
Epoch 113: Total Loss=4.8597 | MSE=0.2474
Epoch 114: Total Loss=4.8435 | MSE=0.2471
Epoch 115: Total Loss=4.7655 | MSE=0.2439
Epoch 116: Total Loss=4.8216 | MSE=0.2460
Epoch 117: Total Loss=4.7810 | MSE=0.2430
Epoch 118: Total Loss=4.7904 | MSE=0.2451
Epoch 119: Total Loss=4.6266 | MSE=0.2362
Epoch 120: Total Loss=4.9192 | MSE=0.2504
Epoch 121: Total Loss=4.8340 | MSE=0.2481
Epoch 122: Total Loss=5.0489 | MSE=0.2585
Epoch 123: Total Loss=4.9053 | MSE=0.2504
Epoch 124: Total Loss=4.8652 | MSE=0.2496
Epoch 125: Total Loss=5.0083 | MSE=0.2567
Epoch 126: Total Loss=4.8041 | MSE=0.2458
Epoch 127: Total Loss=5.1099 | MSE=0.2621
Epoch 128: Total Loss=5.0158 | MSE=0.2563
Epoch 129: Total Loss=4.8557 | MSE=0.2484
Epoch 130: Total Loss=4.7923 | MSE=0.2465
Epoch 131: Total Loss=5.1088 | MSE=0.2607
Epoch 132: Total Loss=5.0983 | MSE=0.2596
Epoch 133: Total Loss=4.9001 | MSE=0.2510
Epoch 134: Total Loss=4.8982 | MSE=0.2498
Epoch 135: Total Loss=5.0879 | MSE=0.2605
Epoch 136: Total Loss=5.1129 | MSE=0.2614
Epoch 137: Total Loss=5.2092 | MSE=0.2648
Epoch 138: Total Loss=5.0118 | MSE=0.2569
Epoch 139: Total Loss=4.8556 | MSE=0.2487
Epoch 140: Total Loss=5.0054 | MSE=0.2549
Epoch 141: Total Loss=5.1582 | MSE=0.2652
Epoch 142: Total Loss=4.9191 | MSE=0.2504
Epoch 143: Total Loss=5.0723 | MSE=0.2584
Epoch 144: Total Loss=5.0252 | MSE=0.2574
Epoch 145: Total Loss=5.0945 | MSE=0.2598
Epoch 146: Total Loss=5.1414 | MSE=0.2630
Epoch 147: Total Loss=5.2186 | MSE=0.2649
Epoch 148: Total Loss=5.2588 | MSE=0.2683
Epoch 149: Total Loss=5.1144 | MSE=0.2616
Epoch 150: Total Loss=4.9527 | MSE=0.2540
✅ Fine-tuning complete! Model learned from teacher (MSE).
Job End: Wed Jan 28 06:26:11 PM CST 2026
