Job Start: Tue Jan 27 06:42:47 PM CST 2026
Node: cn1
Using device: cuda
Loading pretrained model: models/spectral_transformer_ep100.pth
Generating 500 unlabeled graphs for Physics Fine-tuning...
🚀 Starting Physics-Informed Fine-tuning (PALQO Strategy)...
Epoch 1: Physics Loss (Energy) = 13.6186
Epoch 2: Physics Loss (Energy) = 13.5653
Epoch 3: Physics Loss (Energy) = 13.5337
Epoch 4: Physics Loss (Energy) = 13.3478
Epoch 5: Physics Loss (Energy) = 11.3302
Epoch 6: Physics Loss (Energy) = 10.7691
Epoch 7: Physics Loss (Energy) = 10.5598
Epoch 8: Physics Loss (Energy) = 10.4053
Epoch 9: Physics Loss (Energy) = 10.2586
Epoch 10: Physics Loss (Energy) = 10.4372
Epoch 11: Physics Loss (Energy) = 9.8430
Epoch 12: Physics Loss (Energy) = 9.1240
Epoch 13: Physics Loss (Energy) = 8.3991
Epoch 14: Physics Loss (Energy) = 8.1732
Epoch 15: Physics Loss (Energy) = 7.8902
Epoch 16: Physics Loss (Energy) = 7.1491
Epoch 17: Physics Loss (Energy) = 6.0765
Epoch 18: Physics Loss (Energy) = 5.6252
Epoch 19: Physics Loss (Energy) = 5.3545
Epoch 20: Physics Loss (Energy) = 5.0673
✅ Fine-tuning complete!
Job End: Tue Jan 27 06:45:50 PM CST 2026
