Job Start: Wed Jan 28 05:30:23 PM CST 2026
Node: cn1
Using device: cuda
开始训练 Spectral-Temporal Transformer...
Epoch 1: Train Loss = 541.886862 | Val Loss = 345.409834 | LR = 2.999970e-04
Epoch 2: Train Loss = 375.467620 | Val Loss = 275.143557 | LR = 2.999882e-04
Epoch 3: Train Loss = 319.060084 | Val Loss = 265.174146 | LR = 2.999734e-04
Epoch 4: Train Loss = 305.068967 | Val Loss = 258.385178 | LR = 2.999526e-04
Epoch 5: Train Loss = 292.693517 | Val Loss = 247.998707 | LR = 2.999260e-04
Epoch 6: Train Loss = 282.289405 | Val Loss = 240.355092 | LR = 2.998934e-04
Epoch 7: Train Loss = 276.253841 | Val Loss = 237.376095 | LR = 2.998549e-04
Epoch 8: Train Loss = 271.236505 | Val Loss = 230.090251 | LR = 2.998105e-04
Epoch 9: Train Loss = 270.020724 | Val Loss = 231.174757 | LR = 2.997602e-04
Epoch 10: Train Loss = 262.579176 | Val Loss = 223.532146 | LR = 2.997040e-04
Epoch 11: Train Loss = 258.482946 | Val Loss = 226.252625 | LR = 2.996419e-04
Epoch 12: Train Loss = 253.750348 | Val Loss = 223.395676 | LR = 2.995738e-04
Epoch 13: Train Loss = 250.483947 | Val Loss = 217.246441 | LR = 2.994999e-04
Epoch 14: Train Loss = 245.927640 | Val Loss = 216.257515 | LR = 2.994200e-04
Epoch 15: Train Loss = 241.286688 | Val Loss = 213.788271 | LR = 2.993343e-04
Epoch 16: Train Loss = 238.542971 | Val Loss = 212.741259 | LR = 2.992427e-04
Epoch 17: Train Loss = 241.889572 | Val Loss = 215.136409 | LR = 2.991451e-04
Epoch 18: Train Loss = 233.953332 | Val Loss = 208.142788 | LR = 2.990417e-04
Epoch 19: Train Loss = 226.064248 | Val Loss = 204.671326 | LR = 2.989324e-04
Epoch 20: Train Loss = 224.202393 | Val Loss = 201.783857 | LR = 2.988172e-04
Epoch 21: Train Loss = 219.771826 | Val Loss = 198.585250 | LR = 2.986961e-04
Epoch 22: Train Loss = 218.219794 | Val Loss = 198.495722 | LR = 2.985692e-04
Epoch 23: Train Loss = 213.980850 | Val Loss = 196.549157 | LR = 2.984364e-04
Epoch 24: Train Loss = 207.571149 | Val Loss = 191.394062 | LR = 2.982978e-04
Epoch 25: Train Loss = 204.169106 | Val Loss = 190.154889 | LR = 2.981533e-04
Epoch 26: Train Loss = 202.770287 | Val Loss = 193.275700 | LR = 2.980029e-04
Epoch 27: Train Loss = 200.157328 | Val Loss = 186.500932 | LR = 2.978467e-04
Epoch 28: Train Loss = 198.285800 | Val Loss = 179.982507 | LR = 2.976847e-04
Epoch 29: Train Loss = 188.438493 | Val Loss = 179.731747 | LR = 2.975168e-04
Epoch 30: Train Loss = 177.090904 | Val Loss = 166.382616 | LR = 2.973431e-04
Epoch 31: Train Loss = 171.145207 | Val Loss = 164.350788 | LR = 2.971636e-04
Epoch 32: Train Loss = 168.084704 | Val Loss = 161.708745 | LR = 2.969783e-04
Epoch 33: Train Loss = 170.019197 | Val Loss = 166.143295 | LR = 2.967871e-04
Epoch 34: Train Loss = 166.316429 | Val Loss = 159.692919 | LR = 2.965902e-04
Epoch 35: Train Loss = 161.167266 | Val Loss = 156.555901 | LR = 2.963875e-04
Epoch 36: Train Loss = 160.824503 | Val Loss = 158.152420 | LR = 2.961790e-04
Epoch 37: Train Loss = 158.741973 | Val Loss = 154.726282 | LR = 2.959648e-04
Epoch 38: Train Loss = 158.536124 | Val Loss = 154.174799 | LR = 2.957448e-04
Epoch 39: Train Loss = 153.538156 | Val Loss = 160.324509 | LR = 2.955190e-04
Epoch 40: Train Loss = 153.530078 | Val Loss = 154.754984 | LR = 2.952875e-04
Epoch 41: Train Loss = 149.621404 | Val Loss = 152.712363 | LR = 2.950502e-04
Epoch 42: Train Loss = 149.863746 | Val Loss = 149.620378 | LR = 2.948072e-04
Epoch 43: Train Loss = 144.268758 | Val Loss = 146.935123 | LR = 2.945586e-04
Epoch 44: Train Loss = 144.959403 | Val Loss = 151.889577 | LR = 2.943042e-04
Epoch 45: Train Loss = 141.901441 | Val Loss = 145.751845 | LR = 2.940441e-04
Epoch 46: Train Loss = 139.285046 | Val Loss = 149.043433 | LR = 2.937783e-04
Epoch 47: Train Loss = 139.651664 | Val Loss = 151.038812 | LR = 2.935068e-04
Epoch 48: Train Loss = 139.252075 | Val Loss = 141.003287 | LR = 2.932297e-04
Epoch 49: Train Loss = 136.871898 | Val Loss = 144.593113 | LR = 2.929469e-04
Epoch 50: Train Loss = 133.844521 | Val Loss = 143.131368 | LR = 2.926585e-04
Epoch 51: Train Loss = 134.972272 | Val Loss = 144.879388 | LR = 2.923644e-04
Epoch 52: Train Loss = 134.101445 | Val Loss = 141.423133 | LR = 2.920647e-04
Epoch 53: Train Loss = 132.020945 | Val Loss = 139.127970 | LR = 2.917595e-04
Epoch 54: Train Loss = 130.047652 | Val Loss = 137.626869 | LR = 2.914486e-04
Epoch 55: Train Loss = 130.730471 | Val Loss = 140.857455 | LR = 2.911321e-04
Epoch 56: Train Loss = 129.127771 | Val Loss = 138.876627 | LR = 2.908101e-04
Epoch 57: Train Loss = 127.538518 | Val Loss = 141.550588 | LR = 2.904825e-04
Epoch 58: Train Loss = 124.782274 | Val Loss = 141.003694 | LR = 2.901493e-04
Epoch 59: Train Loss = 126.784958 | Val Loss = 136.806115 | LR = 2.898107e-04
Epoch 60: Train Loss = 123.625876 | Val Loss = 137.084316 | LR = 2.894665e-04
Epoch 61: Train Loss = 121.825889 | Val Loss = 134.715364 | LR = 2.891168e-04
Epoch 62: Train Loss = 119.638586 | Val Loss = 135.359827 | LR = 2.887616e-04
Epoch 63: Train Loss = 117.192820 | Val Loss = 136.953783 | LR = 2.884009e-04
Epoch 64: Train Loss = 119.451238 | Val Loss = 136.800220 | LR = 2.880348e-04
Epoch 65: Train Loss = 117.844239 | Val Loss = 133.499773 | LR = 2.876632e-04
Epoch 66: Train Loss = 115.409991 | Val Loss = 131.327034 | LR = 2.872862e-04
Epoch 67: Train Loss = 114.377775 | Val Loss = 134.545711 | LR = 2.869037e-04
Epoch 68: Train Loss = 111.178480 | Val Loss = 135.984943 | LR = 2.865159e-04
Epoch 69: Train Loss = 111.802887 | Val Loss = 135.720304 | LR = 2.861227e-04
Epoch 70: Train Loss = 111.195847 | Val Loss = 135.081827 | LR = 2.857241e-04
Epoch 71: Train Loss = 111.068451 | Val Loss = 132.646173 | LR = 2.853201e-04
Epoch 72: Train Loss = 109.310313 | Val Loss = 136.248986 | LR = 2.849108e-04
Epoch 73: Train Loss = 108.060359 | Val Loss = 135.042142 | LR = 2.844962e-04
Epoch 74: Train Loss = 106.222744 | Val Loss = 133.123690 | LR = 2.840762e-04
Epoch 75: Train Loss = 106.279012 | Val Loss = 132.453159 | LR = 2.836510e-04
Epoch 76: Train Loss = 105.090300 | Val Loss = 132.121154 | LR = 2.832205e-04
Epoch 77: Train Loss = 105.513807 | Val Loss = 132.793075 | LR = 2.827847e-04
Epoch 78: Train Loss = 103.960800 | Val Loss = 135.422432 | LR = 2.823437e-04
Epoch 79: Train Loss = 100.125662 | Val Loss = 132.849791 | LR = 2.818974e-04
Epoch 80: Train Loss = 101.769220 | Val Loss = 131.813811 | LR = 2.814460e-04
Epoch 81: Train Loss = 101.480783 | Val Loss = 130.886170 | LR = 2.809894e-04
Epoch 82: Train Loss = 98.625891 | Val Loss = 134.922688 | LR = 2.805276e-04
Epoch 83: Train Loss = 97.927612 | Val Loss = 130.913189 | LR = 2.800606e-04
Epoch 84: Train Loss = 96.911609 | Val Loss = 131.860626 | LR = 2.795885e-04
Epoch 85: Train Loss = 95.244389 | Val Loss = 129.721133 | LR = 2.791113e-04
Epoch 86: Train Loss = 93.837113 | Val Loss = 131.939139 | LR = 2.786290e-04
Epoch 87: Train Loss = 94.258705 | Val Loss = 131.883137 | LR = 2.781416e-04
Epoch 88: Train Loss = 94.152017 | Val Loss = 132.431970 | LR = 2.776492e-04
Epoch 89: Train Loss = 93.682441 | Val Loss = 134.114558 | LR = 2.771517e-04
Epoch 90: Train Loss = 91.217615 | Val Loss = 132.986270 | LR = 2.766492e-04
Epoch 91: Train Loss = 91.145374 | Val Loss = 130.279212 | LR = 2.761417e-04
Epoch 92: Train Loss = 89.482901 | Val Loss = 131.851924 | LR = 2.756292e-04
Epoch 93: Train Loss = 88.221480 | Val Loss = 129.124414 | LR = 2.751118e-04
Epoch 94: Train Loss = 88.538548 | Val Loss = 130.058405 | LR = 2.745894e-04
Epoch 95: Train Loss = 86.790643 | Val Loss = 129.607032 | LR = 2.740621e-04
Epoch 96: Train Loss = 87.545804 | Val Loss = 132.821302 | LR = 2.735299e-04
Epoch 97: Train Loss = 87.707452 | Val Loss = 128.756010 | LR = 2.729928e-04
Epoch 98: Train Loss = 86.822856 | Val Loss = 127.492787 | LR = 2.724509e-04
Epoch 99: Train Loss = 86.338605 | Val Loss = 125.195548 | LR = 2.719041e-04
Epoch 100: Train Loss = 83.276057 | Val Loss = 127.649550 | LR = 2.713525e-04
Epoch 101: Train Loss = 82.277540 | Val Loss = 130.029982 | LR = 2.707962e-04
Epoch 102: Train Loss = 82.986216 | Val Loss = 130.116166 | LR = 2.702350e-04
Epoch 103: Train Loss = 82.072253 | Val Loss = 128.188817 | LR = 2.696692e-04
Epoch 104: Train Loss = 80.472438 | Val Loss = 127.406033 | LR = 2.690986e-04
Epoch 105: Train Loss = 79.550840 | Val Loss = 130.327332 | LR = 2.685233e-04
Epoch 106: Train Loss = 78.069538 | Val Loss = 130.798497 | LR = 2.679433e-04
Epoch 107: Train Loss = 80.065556 | Val Loss = 131.502963 | LR = 2.673586e-04
Epoch 108: Train Loss = 77.099449 | Val Loss = 130.592765 | LR = 2.667693e-04
Epoch 109: Train Loss = 76.437253 | Val Loss = 131.776803 | LR = 2.661755e-04
Epoch 110: Train Loss = 76.966846 | Val Loss = 130.686279 | LR = 2.655770e-04
Epoch 111: Train Loss = 77.416614 | Val Loss = 132.666066 | LR = 2.649740e-04
Epoch 112: Train Loss = 75.472764 | Val Loss = 134.605066 | LR = 2.643664e-04
Epoch 113: Train Loss = 73.422457 | Val Loss = 130.920396 | LR = 2.637543e-04
Epoch 114: Train Loss = 73.930424 | Val Loss = 129.004899 | LR = 2.631377e-04
Epoch 115: Train Loss = 74.242039 | Val Loss = 131.973132 | LR = 2.625167e-04
Epoch 116: Train Loss = 73.770792 | Val Loss = 127.730882 | LR = 2.618912e-04
Epoch 117: Train Loss = 71.675733 | Val Loss = 126.791413 | LR = 2.612613e-04
Epoch 118: Train Loss = 71.559833 | Val Loss = 125.498230 | LR = 2.606270e-04
Epoch 119: Train Loss = 71.164344 | Val Loss = 128.073866 | LR = 2.599883e-04
Epoch 120: Train Loss = 72.634812 | Val Loss = 132.284220 | LR = 2.593453e-04
Epoch 121: Train Loss = 71.328878 | Val Loss = 128.009851 | LR = 2.586980e-04
Epoch 122: Train Loss = 69.353815 | Val Loss = 124.770929 | LR = 2.580464e-04
Epoch 123: Train Loss = 67.484920 | Val Loss = 127.154899 | LR = 2.573905e-04
Epoch 124: Train Loss = 68.868929 | Val Loss = 127.832143 | LR = 2.567304e-04
Epoch 125: Train Loss = 68.432507 | Val Loss = 128.463009 | LR = 2.560660e-04
Epoch 126: Train Loss = 68.609347 | Val Loss = 132.619091 | LR = 2.553975e-04
Epoch 127: Train Loss = 68.508787 | Val Loss = 130.929257 | LR = 2.547248e-04
Epoch 128: Train Loss = 67.723150 | Val Loss = 132.657248 | LR = 2.540480e-04
Epoch 129: Train Loss = 66.079099 | Val Loss = 127.607044 | LR = 2.533671e-04
Epoch 130: Train Loss = 65.730049 | Val Loss = 128.173850 | LR = 2.526821e-04
Epoch 131: Train Loss = 64.960687 | Val Loss = 127.468626 | LR = 2.519930e-04
Epoch 132: Train Loss = 65.162997 | Val Loss = 130.889189 | LR = 2.512999e-04
Epoch 133: Train Loss = 65.585412 | Val Loss = 127.368936 | LR = 2.506028e-04
Epoch 134: Train Loss = 64.038428 | Val Loss = 128.839367 | LR = 2.499018e-04
Epoch 135: Train Loss = 64.722330 | Val Loss = 129.197968 | LR = 2.491968e-04
Epoch 136: Train Loss = 62.912527 | Val Loss = 128.003195 | LR = 2.484879e-04
Epoch 137: Train Loss = 63.105473 | Val Loss = 132.825086 | LR = 2.477751e-04
Epoch 138: Train Loss = 63.713549 | Val Loss = 129.206502 | LR = 2.470584e-04
Epoch 139: Train Loss = 61.799146 | Val Loss = 125.399790 | LR = 2.463379e-04
Epoch 140: Train Loss = 61.496526 | Val Loss = 129.745321 | LR = 2.456136e-04
Epoch 141: Train Loss = 61.054027 | Val Loss = 130.435063 | LR = 2.448855e-04
Epoch 142: Train Loss = 60.090686 | Val Loss = 129.172796 | LR = 2.441537e-04
Epoch 143: Train Loss = 59.480664 | Val Loss = 133.376976 | LR = 2.434182e-04
Epoch 144: Train Loss = 59.209272 | Val Loss = 125.692672 | LR = 2.426789e-04
Epoch 145: Train Loss = 59.896077 | Val Loss = 131.833667 | LR = 2.419361e-04
Epoch 146: Train Loss = 59.884603 | Val Loss = 129.376924 | LR = 2.411895e-04
Epoch 147: Train Loss = 58.386509 | Val Loss = 127.388699 | LR = 2.404394e-04
Epoch 148: Train Loss = 58.529756 | Val Loss = 126.770518 | LR = 2.396857e-04
Epoch 149: Train Loss = 57.156051 | Val Loss = 132.347146 | LR = 2.389285e-04
Epoch 150: Train Loss = 57.314951 | Val Loss = 129.534328 | LR = 2.381678e-04
Epoch 151: Train Loss = 57.387081 | Val Loss = 126.351149 | LR = 2.374036e-04
Epoch 152: Train Loss = 56.241266 | Val Loss = 130.214568 | LR = 2.366359e-04
Epoch 153: Train Loss = 56.403228 | Val Loss = 125.052033 | LR = 2.358648e-04
Epoch 154: Train Loss = 56.882413 | Val Loss = 132.112687 | LR = 2.350903e-04
Epoch 155: Train Loss = 56.269716 | Val Loss = 126.381311 | LR = 2.343125e-04
Epoch 156: Train Loss = 55.355752 | Val Loss = 125.874483 | LR = 2.335313e-04
Epoch 157: Train Loss = 54.879759 | Val Loss = 126.111811 | LR = 2.327469e-04
Epoch 158: Train Loss = 55.374553 | Val Loss = 125.137584 | LR = 2.319592e-04
Epoch 159: Train Loss = 54.650909 | Val Loss = 129.797211 | LR = 2.311682e-04
Epoch 160: Train Loss = 53.441845 | Val Loss = 129.627988 | LR = 2.303740e-04
Epoch 161: Train Loss = 53.317551 | Val Loss = 127.702974 | LR = 2.295767e-04
Epoch 162: Train Loss = 52.292780 | Val Loss = 128.615420 | LR = 2.287762e-04
Epoch 163: Train Loss = 52.962509 | Val Loss = 126.730478 | LR = 2.279726e-04
Epoch 164: Train Loss = 52.496848 | Val Loss = 131.421490 | LR = 2.271659e-04
Epoch 165: Train Loss = 52.579486 | Val Loss = 127.712437 | LR = 2.263562e-04
Epoch 166: Train Loss = 52.309680 | Val Loss = 129.096950 | LR = 2.255435e-04
Epoch 167: Train Loss = 53.916812 | Val Loss = 129.507760 | LR = 2.247278e-04
Epoch 168: Train Loss = 52.149882 | Val Loss = 132.484643 | LR = 2.239091e-04
Epoch 169: Train Loss = 52.886817 | Val Loss = 130.368807 | LR = 2.230875e-04
Epoch 170: Train Loss = 51.010649 | Val Loss = 130.598134 | LR = 2.222631e-04
Epoch 171: Train Loss = 50.939252 | Val Loss = 125.098393 | LR = 2.214357e-04
Epoch 172: Train Loss = 50.590719 | Val Loss = 129.376277 | LR = 2.206056e-04
Epoch 173: Train Loss = 51.412086 | Val Loss = 132.125216 | LR = 2.197727e-04
Epoch 174: Train Loss = 49.841163 | Val Loss = 125.949709 | LR = 2.189370e-04
Epoch 175: Train Loss = 48.807598 | Val Loss = 131.511782 | LR = 2.180986e-04
Epoch 176: Train Loss = 49.169865 | Val Loss = 129.897327 | LR = 2.172575e-04
Epoch 177: Train Loss = 48.857853 | Val Loss = 132.812798 | LR = 2.164137e-04
Epoch 178: Train Loss = 50.039343 | Val Loss = 135.661589 | LR = 2.155674e-04
Epoch 179: Train Loss = 49.178431 | Val Loss = 133.313858 | LR = 2.147184e-04
Epoch 180: Train Loss = 49.560768 | Val Loss = 130.770154 | LR = 2.138669e-04
Epoch 181: Train Loss = 48.506307 | Val Loss = 131.371228 | LR = 2.130129e-04
Epoch 182: Train Loss = 47.394994 | Val Loss = 130.237661 | LR = 2.121563e-04
Epoch 183: Train Loss = 46.695253 | Val Loss = 127.525023 | LR = 2.112974e-04
Epoch 184: Train Loss = 46.695257 | Val Loss = 127.977209 | LR = 2.104360e-04
Epoch 185: Train Loss = 46.505212 | Val Loss = 130.838115 | LR = 2.095722e-04
Epoch 186: Train Loss = 46.032942 | Val Loss = 128.762255 | LR = 2.087061e-04
Epoch 187: Train Loss = 45.165997 | Val Loss = 129.669016 | LR = 2.078376e-04
Epoch 188: Train Loss = 45.725016 | Val Loss = 130.115385 | LR = 2.069669e-04
Epoch 189: Train Loss = 45.804473 | Val Loss = 130.289575 | LR = 2.060939e-04
Epoch 190: Train Loss = 45.485523 | Val Loss = 124.889923 | LR = 2.052187e-04
Epoch 191: Train Loss = 45.144861 | Val Loss = 127.684178 | LR = 2.043413e-04
Epoch 192: Train Loss = 44.262022 | Val Loss = 128.525410 | LR = 2.034618e-04
Epoch 193: Train Loss = 43.900451 | Val Loss = 128.060881 | LR = 2.025801e-04
Epoch 194: Train Loss = 44.898948 | Val Loss = 132.008757 | LR = 2.016964e-04
Epoch 195: Train Loss = 44.783254 | Val Loss = 125.944264 | LR = 2.008107e-04
Epoch 196: Train Loss = 44.165731 | Val Loss = 124.367770 | LR = 1.999229e-04
Epoch 197: Train Loss = 43.378604 | Val Loss = 124.970054 | LR = 1.990332e-04
Epoch 198: Train Loss = 44.197948 | Val Loss = 128.696487 | LR = 1.981415e-04
Epoch 199: Train Loss = 43.547705 | Val Loss = 127.928613 | LR = 1.972480e-04
Epoch 200: Train Loss = 42.678494 | Val Loss = 128.013694 | LR = 1.963525e-04
Epoch 201: Train Loss = 43.637619 | Val Loss = 127.090342 | LR = 1.954553e-04
Epoch 202: Train Loss = 42.294008 | Val Loss = 127.508293 | LR = 1.945562e-04
Epoch 203: Train Loss = 42.389831 | Val Loss = 128.816444 | LR = 1.936554e-04
Epoch 204: Train Loss = 42.322627 | Val Loss = 131.231720 | LR = 1.927529e-04
Epoch 205: Train Loss = 41.899834 | Val Loss = 133.081014 | LR = 1.918487e-04
Epoch 206: Train Loss = 42.176032 | Val Loss = 131.463916 | LR = 1.909428e-04
Epoch 207: Train Loss = 42.464428 | Val Loss = 126.543756 | LR = 1.900353e-04
Epoch 208: Train Loss = 43.442926 | Val Loss = 132.272155 | LR = 1.891262e-04
Epoch 209: Train Loss = 41.880490 | Val Loss = 127.682625 | LR = 1.882156e-04
Epoch 210: Train Loss = 41.219547 | Val Loss = 124.680968 | LR = 1.873035e-04
Epoch 211: Train Loss = 41.043481 | Val Loss = 126.245890 | LR = 1.863899e-04
Epoch 212: Train Loss = 41.151774 | Val Loss = 126.340305 | LR = 1.854748e-04
Epoch 213: Train Loss = 40.900576 | Val Loss = 131.627689 | LR = 1.845584e-04
Epoch 214: Train Loss = 40.881719 | Val Loss = 133.193461 | LR = 1.836406e-04
Epoch 215: Train Loss = 40.748976 | Val Loss = 130.910213 | LR = 1.827215e-04
Epoch 216: Train Loss = 40.907429 | Val Loss = 128.420574 | LR = 1.818011e-04
Epoch 217: Train Loss = 39.551997 | Val Loss = 129.792517 | LR = 1.808794e-04
Epoch 218: Train Loss = 39.046810 | Val Loss = 129.608089 | LR = 1.799565e-04
Epoch 219: Train Loss = 38.960777 | Val Loss = 126.090539 | LR = 1.790324e-04
Epoch 220: Train Loss = 39.074794 | Val Loss = 130.316052 | LR = 1.781072e-04
Epoch 221: Train Loss = 39.348389 | Val Loss = 129.343337 | LR = 1.771809e-04
Epoch 222: Train Loss = 38.409274 | Val Loss = 128.801413 | LR = 1.762535e-04
Epoch 223: Train Loss = 39.926371 | Val Loss = 134.985765 | LR = 1.753250e-04
Epoch 224: Train Loss = 40.778897 | Val Loss = 128.423075 | LR = 1.743956e-04
Epoch 225: Train Loss = 39.426132 | Val Loss = 130.302173 | LR = 1.734652e-04
Epoch 226: Train Loss = 39.408324 | Val Loss = 128.662435 | LR = 1.725338e-04
Epoch 227: Train Loss = 39.255774 | Val Loss = 128.990885 | LR = 1.716016e-04
Epoch 228: Train Loss = 38.357293 | Val Loss = 129.274606 | LR = 1.706685e-04
Epoch 229: Train Loss = 37.969090 | Val Loss = 127.736612 | LR = 1.697347e-04
Epoch 230: Train Loss = 37.665347 | Val Loss = 129.151815 | LR = 1.688000e-04
Epoch 231: Train Loss = 37.288007 | Val Loss = 127.484833 | LR = 1.678646e-04
Epoch 232: Train Loss = 37.750100 | Val Loss = 126.091266 | LR = 1.669285e-04
Epoch 233: Train Loss = 36.885089 | Val Loss = 130.163992 | LR = 1.659917e-04
Epoch 234: Train Loss = 37.272421 | Val Loss = 126.472028 | LR = 1.650543e-04
Epoch 235: Train Loss = 36.592143 | Val Loss = 127.552603 | LR = 1.641162e-04
Epoch 236: Train Loss = 36.657847 | Val Loss = 127.142923 | LR = 1.631777e-04
Epoch 237: Train Loss = 37.043019 | Val Loss = 128.141287 | LR = 1.622386e-04
Epoch 238: Train Loss = 36.903465 | Val Loss = 128.816223 | LR = 1.612990e-04
Epoch 239: Train Loss = 36.971378 | Val Loss = 127.626173 | LR = 1.603590e-04
Epoch 240: Train Loss = 36.484552 | Val Loss = 132.440892 | LR = 1.594186e-04
Epoch 241: Train Loss = 36.687494 | Val Loss = 130.956923 | LR = 1.584778e-04
Epoch 242: Train Loss = 36.420027 | Val Loss = 127.052206 | LR = 1.575366e-04
Epoch 243: Train Loss = 35.867796 | Val Loss = 127.604821 | LR = 1.565952e-04
Epoch 244: Train Loss = 35.129353 | Val Loss = 126.617582 | LR = 1.556535e-04
Epoch 245: Train Loss = 35.306376 | Val Loss = 130.944230 | LR = 1.547116e-04
Epoch 246: Train Loss = 35.673621 | Val Loss = 129.759824 | LR = 1.537695e-04
Epoch 247: Train Loss = 34.858088 | Val Loss = 129.814807 | LR = 1.528273e-04
Epoch 248: Train Loss = 35.344925 | Val Loss = 129.510169 | LR = 1.518849e-04
Epoch 249: Train Loss = 35.185571 | Val Loss = 126.707016 | LR = 1.509425e-04
Epoch 250: Train Loss = 34.383681 | Val Loss = 129.815109 | LR = 1.500000e-04
Epoch 251: Train Loss = 34.211408 | Val Loss = 127.942447 | LR = 1.490575e-04
Epoch 252: Train Loss = 34.686187 | Val Loss = 130.675413 | LR = 1.481151e-04
Epoch 253: Train Loss = 33.755124 | Val Loss = 130.718147 | LR = 1.471727e-04
Epoch 254: Train Loss = 33.834501 | Val Loss = 131.942451 | LR = 1.462305e-04
Epoch 255: Train Loss = 33.443907 | Val Loss = 128.744327 | LR = 1.452884e-04
Epoch 256: Train Loss = 33.143926 | Val Loss = 126.983513 | LR = 1.443465e-04
Epoch 257: Train Loss = 33.838617 | Val Loss = 131.229533 | LR = 1.434048e-04
Epoch 258: Train Loss = 32.875090 | Val Loss = 129.046376 | LR = 1.424634e-04
Epoch 259: Train Loss = 33.264747 | Val Loss = 133.396034 | LR = 1.415222e-04
Epoch 260: Train Loss = 33.037578 | Val Loss = 127.706413 | LR = 1.405814e-04
Epoch 261: Train Loss = 33.280134 | Val Loss = 129.806136 | LR = 1.396410e-04
Epoch 262: Train Loss = 33.234934 | Val Loss = 128.932136 | LR = 1.387010e-04
Epoch 263: Train Loss = 32.342391 | Val Loss = 130.077243 | LR = 1.377614e-04
Epoch 264: Train Loss = 32.594907 | Val Loss = 126.308171 | LR = 1.368223e-04
Epoch 265: Train Loss = 32.541342 | Val Loss = 128.740159 | LR = 1.358838e-04
Epoch 266: Train Loss = 31.990244 | Val Loss = 128.854650 | LR = 1.349457e-04
Epoch 267: Train Loss = 32.273297 | Val Loss = 127.605557 | LR = 1.340083e-04
Epoch 268: Train Loss = 32.140784 | Val Loss = 130.565266 | LR = 1.330715e-04
Epoch 269: Train Loss = 31.706050 | Val Loss = 126.861822 | LR = 1.321354e-04
Epoch 270: Train Loss = 31.718487 | Val Loss = 131.798538 | LR = 1.312000e-04
Epoch 271: Train Loss = 31.450946 | Val Loss = 127.697491 | LR = 1.302653e-04
Epoch 272: Train Loss = 31.484069 | Val Loss = 129.273584 | LR = 1.293315e-04
Epoch 273: Train Loss = 31.604672 | Val Loss = 127.958815 | LR = 1.283984e-04
Epoch 274: Train Loss = 30.921037 | Val Loss = 131.370361 | LR = 1.274662e-04
Epoch 275: Train Loss = 30.725825 | Val Loss = 128.923778 | LR = 1.265348e-04
Epoch 276: Train Loss = 31.046638 | Val Loss = 130.391066 | LR = 1.256044e-04
Epoch 277: Train Loss = 31.224451 | Val Loss = 129.918325 | LR = 1.246750e-04
Epoch 278: Train Loss = 31.302460 | Val Loss = 129.805459 | LR = 1.237465e-04
Epoch 279: Train Loss = 31.105302 | Val Loss = 128.529285 | LR = 1.228191e-04
Epoch 280: Train Loss = 30.712037 | Val Loss = 130.899014 | LR = 1.218928e-04
Epoch 281: Train Loss = 30.749729 | Val Loss = 128.619022 | LR = 1.209676e-04
Epoch 282: Train Loss = 30.308674 | Val Loss = 128.260077 | LR = 1.200435e-04
Epoch 283: Train Loss = 30.138553 | Val Loss = 132.549118 | LR = 1.191206e-04
Epoch 284: Train Loss = 30.499750 | Val Loss = 129.416589 | LR = 1.181989e-04
Epoch 285: Train Loss = 30.447757 | Val Loss = 129.767793 | LR = 1.172785e-04
Epoch 286: Train Loss = 29.650972 | Val Loss = 127.378447 | LR = 1.163594e-04
Epoch 287: Train Loss = 30.512094 | Val Loss = 130.336139 | LR = 1.154416e-04
Epoch 288: Train Loss = 29.872585 | Val Loss = 127.918325 | LR = 1.145252e-04
Epoch 289: Train Loss = 29.758570 | Val Loss = 130.313730 | LR = 1.136101e-04
Epoch 290: Train Loss = 29.671902 | Val Loss = 125.672373 | LR = 1.126965e-04
Epoch 291: Train Loss = 30.184271 | Val Loss = 129.556513 | LR = 1.117844e-04
Epoch 292: Train Loss = 29.506606 | Val Loss = 128.378481 | LR = 1.108738e-04
Epoch 293: Train Loss = 29.764375 | Val Loss = 129.435393 | LR = 1.099647e-04
Epoch 294: Train Loss = 29.798257 | Val Loss = 128.533629 | LR = 1.090572e-04
Epoch 295: Train Loss = 28.565064 | Val Loss = 128.257274 | LR = 1.081513e-04
Epoch 296: Train Loss = 29.367680 | Val Loss = 125.799135 | LR = 1.072471e-04
Epoch 297: Train Loss = 28.805185 | Val Loss = 127.036735 | LR = 1.063446e-04
Epoch 298: Train Loss = 29.156378 | Val Loss = 128.020666 | LR = 1.054438e-04
Epoch 299: Train Loss = 28.028405 | Val Loss = 126.362041 | LR = 1.045447e-04
Epoch 300: Train Loss = 27.944705 | Val Loss = 127.931600 | LR = 1.036475e-04
Epoch 301: Train Loss = 27.603668 | Val Loss = 125.423091 | LR = 1.027520e-04
Epoch 302: Train Loss = 28.089456 | Val Loss = 128.095666 | LR = 1.018585e-04
Epoch 303: Train Loss = 28.403951 | Val Loss = 127.706993 | LR = 1.009668e-04
Epoch 304: Train Loss = 28.919579 | Val Loss = 134.797848 | LR = 1.000771e-04
Epoch 305: Train Loss = 28.843708 | Val Loss = 130.469521 | LR = 9.918931e-05
Epoch 306: Train Loss = 28.112977 | Val Loss = 131.115996 | LR = 9.830356e-05
Epoch 307: Train Loss = 28.215468 | Val Loss = 128.394032 | LR = 9.741985e-05
Epoch 308: Train Loss = 27.404644 | Val Loss = 129.708456 | LR = 9.653822e-05
Epoch 309: Train Loss = 27.382646 | Val Loss = 129.507359 | LR = 9.565869e-05
Epoch 310: Train Loss = 28.001661 | Val Loss = 129.325619 | LR = 9.478132e-05
Epoch 311: Train Loss = 27.772876 | Val Loss = 129.101961 | LR = 9.390612e-05
Epoch 312: Train Loss = 27.566069 | Val Loss = 127.984438 | LR = 9.303314e-05
Epoch 313: Train Loss = 27.465293 | Val Loss = 129.340825 | LR = 9.216240e-05
Epoch 314: Train Loss = 26.781369 | Val Loss = 128.375398 | LR = 9.129395e-05
Epoch 315: Train Loss = 26.957962 | Val Loss = 128.306649 | LR = 9.042782e-05
Epoch 316: Train Loss = 27.053828 | Val Loss = 128.367897 | LR = 8.956403e-05
Epoch 317: Train Loss = 26.969255 | Val Loss = 129.697231 | LR = 8.870264e-05
Epoch 318: Train Loss = 26.401121 | Val Loss = 128.385811 | LR = 8.784366e-05
Epoch 319: Train Loss = 27.071241 | Val Loss = 127.571954 | LR = 8.698714e-05
Epoch 320: Train Loss = 26.626985 | Val Loss = 127.499466 | LR = 8.613311e-05
Epoch 321: Train Loss = 27.519573 | Val Loss = 128.404432 | LR = 8.528159e-05
Epoch 322: Train Loss = 26.388307 | Val Loss = 129.721836 | LR = 8.443264e-05
Epoch 323: Train Loss = 26.909816 | Val Loss = 130.411232 | LR = 8.358627e-05
Epoch 324: Train Loss = 26.943856 | Val Loss = 129.043481 | LR = 8.274252e-05
Epoch 325: Train Loss = 26.835948 | Val Loss = 128.020774 | LR = 8.190143e-05
Epoch 326: Train Loss = 26.312704 | Val Loss = 129.352876 | LR = 8.106302e-05
Epoch 327: Train Loss = 26.620090 | Val Loss = 129.645099 | LR = 8.022734e-05
Epoch 328: Train Loss = 26.310249 | Val Loss = 131.088227 | LR = 7.939441e-05
Epoch 329: Train Loss = 26.404104 | Val Loss = 130.488388 | LR = 7.856427e-05
Epoch 330: Train Loss = 25.702142 | Val Loss = 129.111930 | LR = 7.773695e-05
Epoch 331: Train Loss = 25.811026 | Val Loss = 127.513243 | LR = 7.691248e-05
Epoch 332: Train Loss = 26.493540 | Val Loss = 130.523312 | LR = 7.609090e-05
Epoch 333: Train Loss = 26.084540 | Val Loss = 130.453426 | LR = 7.527223e-05
Epoch 334: Train Loss = 25.553350 | Val Loss = 129.308951 | LR = 7.445652e-05
Epoch 335: Train Loss = 25.890451 | Val Loss = 128.873610 | LR = 7.364379e-05
Epoch 336: Train Loss = 25.327400 | Val Loss = 130.490576 | LR = 7.283407e-05
Epoch 337: Train Loss = 25.615081 | Val Loss = 128.989515 | LR = 7.202740e-05
Epoch 338: Train Loss = 25.596052 | Val Loss = 128.120583 | LR = 7.122381e-05
Epoch 339: Train Loss = 25.688735 | Val Loss = 128.195413 | LR = 7.042332e-05
Epoch 340: Train Loss = 25.693246 | Val Loss = 127.238990 | LR = 6.962598e-05
Epoch 341: Train Loss = 25.266218 | Val Loss = 129.906816 | LR = 6.883181e-05
Epoch 342: Train Loss = 25.162896 | Val Loss = 128.705366 | LR = 6.804085e-05
Epoch 343: Train Loss = 24.967907 | Val Loss = 126.092193 | LR = 6.725312e-05
Epoch 344: Train Loss = 25.619456 | Val Loss = 128.930659 | LR = 6.646866e-05
Epoch 345: Train Loss = 24.585782 | Val Loss = 127.038350 | LR = 6.568749e-05
Epoch 346: Train Loss = 25.071561 | Val Loss = 131.327435 | LR = 6.490966e-05
Epoch 347: Train Loss = 25.248960 | Val Loss = 129.265626 | LR = 6.413518e-05
Epoch 348: Train Loss = 24.768319 | Val Loss = 129.205365 | LR = 6.336409e-05
Epoch 349: Train Loss = 24.640042 | Val Loss = 130.252506 | LR = 6.259643e-05
Epoch 350: Train Loss = 24.536659 | Val Loss = 128.312042 | LR = 6.183221e-05
Epoch 351: Train Loss = 25.023347 | Val Loss = 128.885281 | LR = 6.107148e-05
Epoch 352: Train Loss = 24.759045 | Val Loss = 128.705814 | LR = 6.031425e-05
Epoch 353: Train Loss = 24.529480 | Val Loss = 130.307920 | LR = 5.956057e-05
Epoch 354: Train Loss = 24.486512 | Val Loss = 129.271685 | LR = 5.881046e-05
Epoch 355: Train Loss = 24.486623 | Val Loss = 130.291049 | LR = 5.806394e-05
Epoch 356: Train Loss = 24.029029 | Val Loss = 129.538795 | LR = 5.732106e-05
Epoch 357: Train Loss = 24.593726 | Val Loss = 128.548616 | LR = 5.658183e-05
Epoch 358: Train Loss = 24.312439 | Val Loss = 128.392727 | LR = 5.584630e-05
Epoch 359: Train Loss = 23.971712 | Val Loss = 129.937421 | LR = 5.511448e-05
Epoch 360: Train Loss = 23.729267 | Val Loss = 128.659737 | LR = 5.438640e-05
Epoch 361: Train Loss = 23.517523 | Val Loss = 128.654674 | LR = 5.366210e-05
Epoch 362: Train Loss = 24.159260 | Val Loss = 129.119489 | LR = 5.294161e-05
Epoch 363: Train Loss = 23.907163 | Val Loss = 128.761501 | LR = 5.222494e-05
Epoch 364: Train Loss = 23.783943 | Val Loss = 129.210557 | LR = 5.151214e-05
Epoch 365: Train Loss = 23.839851 | Val Loss = 129.112495 | LR = 5.080322e-05
Epoch 366: Train Loss = 23.565700 | Val Loss = 130.251687 | LR = 5.009822e-05
Epoch 367: Train Loss = 23.877586 | Val Loss = 128.379437 | LR = 4.939716e-05
Epoch 368: Train Loss = 23.680168 | Val Loss = 127.702238 | LR = 4.870008e-05
Epoch 369: Train Loss = 23.908169 | Val Loss = 128.504428 | LR = 4.800699e-05
Epoch 370: Train Loss = 24.376373 | Val Loss = 129.047354 | LR = 4.731793e-05
Epoch 371: Train Loss = 23.667491 | Val Loss = 129.319989 | LR = 4.663293e-05
Epoch 372: Train Loss = 23.722714 | Val Loss = 129.690343 | LR = 4.595200e-05
Epoch 373: Train Loss = 23.650184 | Val Loss = 130.405526 | LR = 4.527519e-05
Epoch 374: Train Loss = 23.703734 | Val Loss = 128.630103 | LR = 4.460250e-05
Epoch 375: Train Loss = 23.362852 | Val Loss = 129.635731 | LR = 4.393398e-05
Epoch 376: Train Loss = 22.992337 | Val Loss = 129.806744 | LR = 4.326965e-05
Epoch 377: Train Loss = 23.081503 | Val Loss = 129.198565 | LR = 4.260953e-05
Epoch 378: Train Loss = 23.259266 | Val Loss = 131.113552 | LR = 4.195365e-05
Epoch 379: Train Loss = 23.184312 | Val Loss = 129.906454 | LR = 4.130203e-05
Epoch 380: Train Loss = 23.331817 | Val Loss = 129.409696 | LR = 4.065471e-05
Epoch 381: Train Loss = 23.160920 | Val Loss = 129.311777 | LR = 4.001170e-05
Epoch 382: Train Loss = 23.318121 | Val Loss = 129.555854 | LR = 3.937303e-05
Epoch 383: Train Loss = 22.961206 | Val Loss = 129.442963 | LR = 3.873873e-05
Epoch 384: Train Loss = 23.171744 | Val Loss = 128.984121 | LR = 3.810883e-05
Epoch 385: Train Loss = 22.601649 | Val Loss = 129.915934 | LR = 3.748334e-05
Epoch 386: Train Loss = 22.787879 | Val Loss = 130.027924 | LR = 3.686229e-05
Epoch 387: Train Loss = 22.532056 | Val Loss = 129.171173 | LR = 3.624571e-05
Epoch 388: Train Loss = 23.006030 | Val Loss = 129.104334 | LR = 3.563362e-05
Epoch 389: Train Loss = 22.671254 | Val Loss = 130.276895 | LR = 3.502605e-05
Epoch 390: Train Loss = 22.898789 | Val Loss = 131.286156 | LR = 3.442301e-05
Epoch 391: Train Loss = 22.444686 | Val Loss = 129.646314 | LR = 3.382454e-05
Epoch 392: Train Loss = 22.621577 | Val Loss = 129.641729 | LR = 3.323065e-05
Epoch 393: Train Loss = 22.882435 | Val Loss = 131.218780 | LR = 3.264138e-05
Epoch 394: Train Loss = 22.619726 | Val Loss = 129.991042 | LR = 3.205674e-05
Epoch 395: Train Loss = 22.351718 | Val Loss = 130.375230 | LR = 3.147675e-05
Epoch 396: Train Loss = 22.321607 | Val Loss = 130.579501 | LR = 3.090144e-05
Epoch 397: Train Loss = 22.660688 | Val Loss = 129.598097 | LR = 3.033083e-05
Epoch 398: Train Loss = 22.351295 | Val Loss = 129.320887 | LR = 2.976495e-05
Epoch 399: Train Loss = 22.648473 | Val Loss = 129.981669 | LR = 2.920382e-05
Epoch 400: Train Loss = 22.309773 | Val Loss = 128.453322 | LR = 2.864745e-05
Epoch 401: Train Loss = 22.415940 | Val Loss = 128.973647 | LR = 2.809588e-05
Epoch 402: Train Loss = 22.239029 | Val Loss = 129.907905 | LR = 2.754911e-05
Epoch 403: Train Loss = 22.487033 | Val Loss = 131.159843 | LR = 2.700718e-05
Epoch 404: Train Loss = 22.933851 | Val Loss = 129.900725 | LR = 2.647011e-05
Epoch 405: Train Loss = 22.441694 | Val Loss = 129.382659 | LR = 2.593791e-05
Epoch 406: Train Loss = 21.991130 | Val Loss = 129.212145 | LR = 2.541062e-05
Epoch 407: Train Loss = 21.895273 | Val Loss = 129.137671 | LR = 2.488823e-05
Epoch 408: Train Loss = 22.020850 | Val Loss = 129.102607 | LR = 2.437079e-05
Epoch 409: Train Loss = 22.264832 | Val Loss = 128.327963 | LR = 2.385831e-05
Epoch 410: Train Loss = 22.600274 | Val Loss = 129.374341 | LR = 2.335081e-05
Epoch 411: Train Loss = 22.461562 | Val Loss = 129.510772 | LR = 2.284831e-05
Epoch 412: Train Loss = 22.092678 | Val Loss = 129.415244 | LR = 2.235083e-05
Epoch 413: Train Loss = 22.753882 | Val Loss = 129.366907 | LR = 2.185839e-05
Epoch 414: Train Loss = 21.978408 | Val Loss = 129.740348 | LR = 2.137100e-05
Epoch 415: Train Loss = 21.931319 | Val Loss = 130.457582 | LR = 2.088870e-05
Epoch 416: Train Loss = 22.353877 | Val Loss = 131.087564 | LR = 2.041149e-05
Epoch 417: Train Loss = 21.914299 | Val Loss = 129.400290 | LR = 1.993939e-05
Epoch 418: Train Loss = 21.948058 | Val Loss = 130.203840 | LR = 1.947244e-05
Epoch 419: Train Loss = 21.776016 | Val Loss = 129.289958 | LR = 1.901063e-05
Epoch 420: Train Loss = 21.848769 | Val Loss = 130.175625 | LR = 1.855400e-05
Epoch 421: Train Loss = 22.094019 | Val Loss = 129.278646 | LR = 1.810255e-05
Epoch 422: Train Loss = 22.172729 | Val Loss = 129.122492 | LR = 1.765632e-05
Epoch 423: Train Loss = 21.489734 | Val Loss = 129.098101 | LR = 1.721530e-05
Epoch 424: Train Loss = 21.700137 | Val Loss = 128.674802 | LR = 1.677953e-05
Epoch 425: Train Loss = 21.939492 | Val Loss = 128.213341 | LR = 1.634902e-05
Epoch 426: Train Loss = 21.738607 | Val Loss = 128.997360 | LR = 1.592379e-05
Epoch 427: Train Loss = 21.723119 | Val Loss = 128.451205 | LR = 1.550384e-05
Epoch 428: Train Loss = 21.709587 | Val Loss = 128.554727 | LR = 1.508921e-05
Epoch 429: Train Loss = 21.789235 | Val Loss = 129.057059 | LR = 1.467991e-05
Epoch 430: Train Loss = 21.801064 | Val Loss = 128.387974 | LR = 1.427594e-05
Epoch 431: Train Loss = 21.755425 | Val Loss = 129.675897 | LR = 1.387734e-05
Epoch 432: Train Loss = 21.520761 | Val Loss = 129.613134 | LR = 1.348410e-05
Epoch 433: Train Loss = 21.718606 | Val Loss = 128.989283 | LR = 1.309626e-05
Epoch 434: Train Loss = 21.309116 | Val Loss = 128.361892 | LR = 1.271382e-05
Epoch 435: Train Loss = 21.310591 | Val Loss = 129.414298 | LR = 1.233681e-05
Epoch 436: Train Loss = 21.886736 | Val Loss = 128.120130 | LR = 1.196522e-05
Epoch 437: Train Loss = 21.631840 | Val Loss = 128.843874 | LR = 1.159909e-05
Epoch 438: Train Loss = 21.600917 | Val Loss = 129.512742 | LR = 1.123842e-05
Epoch 439: Train Loss = 21.663766 | Val Loss = 128.541012 | LR = 1.088323e-05
Epoch 440: Train Loss = 21.529661 | Val Loss = 128.940845 | LR = 1.053353e-05
Epoch 441: Train Loss = 21.586417 | Val Loss = 128.211364 | LR = 1.018933e-05
Epoch 442: Train Loss = 21.467866 | Val Loss = 129.509687 | LR = 9.850659e-06
Epoch 443: Train Loss = 21.332302 | Val Loss = 129.587586 | LR = 9.517517e-06
Epoch 444: Train Loss = 21.395092 | Val Loss = 128.752808 | LR = 9.189921e-06
Epoch 445: Train Loss = 21.279565 | Val Loss = 129.273342 | LR = 8.867885e-06
Epoch 446: Train Loss = 21.673906 | Val Loss = 129.228506 | LR = 8.551420e-06
Epoch 447: Train Loss = 21.208088 | Val Loss = 128.907469 | LR = 8.240539e-06
Epoch 448: Train Loss = 21.234555 | Val Loss = 129.489466 | LR = 7.935254e-06
Epoch 449: Train Loss = 21.210825 | Val Loss = 129.024058 | LR = 7.635578e-06
Epoch 450: Train Loss = 21.438302 | Val Loss = 129.009595 | LR = 7.341523e-06
Epoch 451: Train Loss = 21.217986 | Val Loss = 128.820117 | LR = 7.053099e-06
Epoch 452: Train Loss = 21.399940 | Val Loss = 128.966488 | LR = 6.770318e-06
Epoch 453: Train Loss = 21.283699 | Val Loss = 129.327271 | LR = 6.493192e-06
Epoch 454: Train Loss = 21.096294 | Val Loss = 129.415661 | LR = 6.221732e-06
Epoch 455: Train Loss = 21.328376 | Val Loss = 128.664018 | LR = 5.955947e-06
Epoch 456: Train Loss = 21.232725 | Val Loss = 129.108706 | LR = 5.695849e-06
Epoch 457: Train Loss = 21.363473 | Val Loss = 129.348903 | LR = 5.441448e-06
Epoch 458: Train Loss = 21.376880 | Val Loss = 129.048975 | LR = 5.192754e-06
Epoch 459: Train Loss = 21.189271 | Val Loss = 129.047116 | LR = 4.949777e-06
Epoch 460: Train Loss = 21.085279 | Val Loss = 129.068713 | LR = 4.712526e-06
Epoch 461: Train Loss = 21.671850 | Val Loss = 129.114494 | LR = 4.481011e-06
Epoch 462: Train Loss = 21.018068 | Val Loss = 128.901967 | LR = 4.255240e-06
Epoch 463: Train Loss = 21.495465 | Val Loss = 129.212019 | LR = 4.035223e-06
Epoch 464: Train Loss = 20.976617 | Val Loss = 128.993390 | LR = 3.820969e-06
Epoch 465: Train Loss = 21.215819 | Val Loss = 129.035686 | LR = 3.612486e-06
Epoch 466: Train Loss = 21.121419 | Val Loss = 129.259356 | LR = 3.409781e-06
Epoch 467: Train Loss = 21.065260 | Val Loss = 129.326836 | LR = 3.212864e-06
Epoch 468: Train Loss = 21.079321 | Val Loss = 129.036309 | LR = 3.021742e-06
Epoch 469: Train Loss = 21.255322 | Val Loss = 128.926885 | LR = 2.836422e-06
Epoch 470: Train Loss = 21.331657 | Val Loss = 129.446314 | LR = 2.656912e-06
Epoch 471: Train Loss = 21.459064 | Val Loss = 129.223805 | LR = 2.483219e-06
Epoch 472: Train Loss = 21.262126 | Val Loss = 129.271654 | LR = 2.315350e-06
Epoch 473: Train Loss = 20.790958 | Val Loss = 129.085969 | LR = 2.153311e-06
Epoch 474: Train Loss = 20.966507 | Val Loss = 129.166628 | LR = 1.997108e-06
Epoch 475: Train Loss = 21.054191 | Val Loss = 129.322816 | LR = 1.846749e-06
Epoch 476: Train Loss = 21.144080 | Val Loss = 129.280580 | LR = 1.702238e-06
Epoch 477: Train Loss = 21.661427 | Val Loss = 129.170886 | LR = 1.563582e-06
Epoch 478: Train Loss = 20.966730 | Val Loss = 129.255636 | LR = 1.430786e-06
Epoch 479: Train Loss = 20.953406 | Val Loss = 129.132072 | LR = 1.303855e-06
Epoch 480: Train Loss = 21.522960 | Val Loss = 129.054281 | LR = 1.182795e-06
Epoch 481: Train Loss = 20.846999 | Val Loss = 129.110872 | LR = 1.067609e-06
Epoch 482: Train Loss = 21.069558 | Val Loss = 129.163668 | LR = 9.583034e-07
Epoch 483: Train Loss = 20.993850 | Val Loss = 129.174025 | LR = 8.548814e-07
Epoch 484: Train Loss = 20.993107 | Val Loss = 129.127040 | LR = 7.573475e-07
Epoch 485: Train Loss = 21.182849 | Val Loss = 129.060946 | LR = 6.657053e-07
Epoch 486: Train Loss = 21.112740 | Val Loss = 129.122352 | LR = 5.799586e-07
Epoch 487: Train Loss = 21.697856 | Val Loss = 129.122200 | LR = 5.001108e-07
Epoch 488: Train Loss = 21.022308 | Val Loss = 129.068471 | LR = 4.261650e-07
Epoch 489: Train Loss = 21.125085 | Val Loss = 129.089780 | LR = 3.581240e-07
Epoch 490: Train Loss = 21.258245 | Val Loss = 129.098251 | LR = 2.959907e-07
Epoch 491: Train Loss = 20.974946 | Val Loss = 129.131786 | LR = 2.397675e-07
Epoch 492: Train Loss = 21.008072 | Val Loss = 129.158257 | LR = 1.894565e-07
Epoch 493: Train Loss = 21.115591 | Val Loss = 129.156451 | LR = 1.450598e-07
Epoch 494: Train Loss = 21.419534 | Val Loss = 129.144774 | LR = 1.065791e-07
Epoch 495: Train Loss = 21.028394 | Val Loss = 129.167407 | LR = 7.401595e-08
Epoch 496: Train Loss = 20.944114 | Val Loss = 129.181839 | LR = 4.737161e-08
Epoch 497: Train Loss = 21.208773 | Val Loss = 129.180102 | LR = 2.664714e-08
Epoch 498: Train Loss = 21.405461 | Val Loss = 129.178482 | LR = 1.184337e-08
Epoch 499: Train Loss = 21.544915 | Val Loss = 129.175978 | LR = 2.960872e-09
Epoch 500: Train Loss = 20.753675 | Val Loss = 129.176092 | LR = 0.000000e+00
Job End: Wed Jan 28 05:35:39 PM CST 2026
