Job Start: Tue Jan 27 06:24:22 PM CST 2026
Node: cn1
Using device: cuda
开始训练 Spectral-Temporal Transformer...
Epoch 1: Train Loss = 2305.924892
Epoch 2: Train Loss = 2110.951869
Epoch 3: Train Loss = 2109.347900
Epoch 4: Train Loss = 2109.043352
Epoch 5: Train Loss = 2109.613909
Epoch 6: Train Loss = 2109.054095
Epoch 7: Train Loss = 2109.168335
Epoch 8: Train Loss = 2109.246129
Epoch 9: Train Loss = 2108.676374
Epoch 10: Train Loss = 2108.477243
Epoch 11: Train Loss = 2108.996931
Epoch 12: Train Loss = 2108.622803
Epoch 13: Train Loss = 2108.125785
Epoch 14: Train Loss = 2108.257673
Epoch 15: Train Loss = 2107.702619
Epoch 16: Train Loss = 2107.596767
Epoch 17: Train Loss = 2106.574393
Epoch 18: Train Loss = 2100.255406
Epoch 19: Train Loss = 2078.917079
Epoch 20: Train Loss = 2055.264945
Epoch 21: Train Loss = 2086.247628
Epoch 22: Train Loss = 2068.322405
Epoch 23: Train Loss = 2013.630580
Epoch 24: Train Loss = 1957.111450
Epoch 25: Train Loss = 1838.321446
Epoch 26: Train Loss = 2233.376709
Epoch 27: Train Loss = 2115.711583
Epoch 28: Train Loss = 2113.275652
Epoch 29: Train Loss = 2110.931048
Epoch 30: Train Loss = 2110.015538
Epoch 31: Train Loss = 2108.005824
Epoch 32: Train Loss = 2108.669591
Epoch 33: Train Loss = 2108.893991
Epoch 34: Train Loss = 2108.614397
Epoch 35: Train Loss = 2108.279820
Epoch 36: Train Loss = 2108.014962
Epoch 37: Train Loss = 2107.984166
Epoch 38: Train Loss = 2108.102400
Epoch 39: Train Loss = 2108.340140
Epoch 40: Train Loss = 2108.335170
Epoch 41: Train Loss = 2108.366595
Epoch 42: Train Loss = 2107.972464
Epoch 43: Train Loss = 2108.585955
Epoch 44: Train Loss = 2107.790527
Epoch 45: Train Loss = 2108.229004
Epoch 46: Train Loss = 2107.956159
Epoch 47: Train Loss = 2108.063581
Epoch 48: Train Loss = 2108.558489
Epoch 49: Train Loss = 2108.014526
Epoch 50: Train Loss = 2107.795358
Epoch 51: Train Loss = 2107.303258
Epoch 52: Train Loss = 2106.925781
Epoch 53: Train Loss = 2107.366159
Epoch 54: Train Loss = 2107.441964
Epoch 55: Train Loss = 2106.775129
Epoch 56: Train Loss = 2106.999337
Epoch 57: Train Loss = 2106.248082
Epoch 58: Train Loss = 2106.303816
Epoch 59: Train Loss = 2103.096261
Epoch 60: Train Loss = 2104.976336
Epoch 61: Train Loss = 2113.379011
Epoch 62: Train Loss = 2111.102103
Epoch 63: Train Loss = 2110.781965
Epoch 64: Train Loss = 2109.071446
Epoch 65: Train Loss = 2108.578108
Epoch 66: Train Loss = 2109.037702
Epoch 67: Train Loss = 2108.765695
Epoch 68: Train Loss = 2107.994978
Epoch 69: Train Loss = 2108.284703
Epoch 70: Train Loss = 2108.452811
Epoch 71: Train Loss = 2108.303345
Epoch 72: Train Loss = 2108.735753
Epoch 73: Train Loss = 2108.709420
Epoch 74: Train Loss = 2108.413348
Epoch 75: Train Loss = 2108.276716
Epoch 76: Train Loss = 2108.521031
Epoch 77: Train Loss = 2108.212856
Epoch 78: Train Loss = 2108.466500
Epoch 79: Train Loss = 2108.103289
Epoch 80: Train Loss = 2107.839390
Epoch 81: Train Loss = 2107.930211
Epoch 82: Train Loss = 2108.218052
Epoch 83: Train Loss = 2107.750174
Epoch 84: Train Loss = 2108.032506
Epoch 85: Train Loss = 2107.773612
Epoch 86: Train Loss = 2108.138288
Epoch 87: Train Loss = 2107.387730
Epoch 88: Train Loss = 2107.840611
Epoch 89: Train Loss = 2108.062674
Epoch 90: Train Loss = 2107.610509
Epoch 91: Train Loss = 2107.838728
Epoch 92: Train Loss = 2107.766445
Epoch 93: Train Loss = 2107.414202
Epoch 94: Train Loss = 2107.627267
Epoch 95: Train Loss = 2107.538068
Epoch 96: Train Loss = 2107.696603
Epoch 97: Train Loss = 2107.914028
Epoch 98: Train Loss = 2107.094814
Epoch 99: Train Loss = 2107.628610
Epoch 100: Train Loss = 2107.265137
Epoch 101: Train Loss = 2107.549665
Epoch 102: Train Loss = 2107.685338
Epoch 103: Train Loss = 2107.452183
Epoch 104: Train Loss = 2107.179757
Epoch 105: Train Loss = 2106.674717
Epoch 106: Train Loss = 2106.874930
Epoch 107: Train Loss = 2107.433489
Epoch 108: Train Loss = 2107.443080
Epoch 109: Train Loss = 2106.606620
Epoch 110: Train Loss = 2106.556292
Epoch 111: Train Loss = 2105.917829
Epoch 112: Train Loss = 2106.435669
Epoch 113: Train Loss = 2106.419974
Epoch 114: Train Loss = 2106.273839
Epoch 115: Train Loss = 2106.119263
Epoch 116: Train Loss = 2105.824480
Epoch 117: Train Loss = 2107.559780
Epoch 118: Train Loss = 2107.790876
Epoch 119: Train Loss = 2106.266061
Epoch 120: Train Loss = 2105.605713
Epoch 121: Train Loss = 2105.548933
Epoch 122: Train Loss = 2105.505999
Epoch 123: Train Loss = 2105.278390
Epoch 124: Train Loss = 2106.056274
Epoch 125: Train Loss = 2104.519950
Epoch 126: Train Loss = 2104.886579
Epoch 127: Train Loss = 2104.388585
Epoch 128: Train Loss = 2105.032506
Epoch 129: Train Loss = 2103.922712
Epoch 130: Train Loss = 2104.677089
Epoch 131: Train Loss = 2103.913749
Epoch 132: Train Loss = 2105.987514
Epoch 133: Train Loss = 2108.198730
Epoch 134: Train Loss = 2105.671648
Epoch 135: Train Loss = 2103.841361
Epoch 136: Train Loss = 2100.938546
Epoch 137: Train Loss = 2103.647723
Epoch 138: Train Loss = 2108.711164
Epoch 139: Train Loss = 2106.219622
Epoch 140: Train Loss = 2106.226929
Epoch 141: Train Loss = 2106.607631
Epoch 142: Train Loss = 2105.161325
Epoch 143: Train Loss = 2102.104283
Epoch 144: Train Loss = 2101.350673
Epoch 145: Train Loss = 2104.801182
Epoch 146: Train Loss = 2109.140573
Epoch 147: Train Loss = 2107.784389
Epoch 148: Train Loss = 2106.551932
Epoch 149: Train Loss = 2105.892090
Epoch 150: Train Loss = 2103.276437
Epoch 151: Train Loss = 2103.254499
Epoch 152: Train Loss = 2100.302351
Epoch 153: Train Loss = 2104.558489
Epoch 154: Train Loss = 2105.521990
Epoch 155: Train Loss = 2104.275443
Epoch 156: Train Loss = 2104.603394
Epoch 157: Train Loss = 2103.949254
Epoch 158: Train Loss = 2101.722499
Epoch 159: Train Loss = 2100.017997
Epoch 160: Train Loss = 2095.516985
Epoch 161: Train Loss = 2083.836042
Epoch 162: Train Loss = 2076.821603
Epoch 163: Train Loss = 2066.423950
Epoch 164: Train Loss = 2068.795707
Epoch 165: Train Loss = 2061.033465
Epoch 166: Train Loss = 2051.760969
Epoch 167: Train Loss = 2066.082520
Epoch 168: Train Loss = 2111.668143
Epoch 169: Train Loss = 2109.243059
Epoch 170: Train Loss = 2108.058367
Epoch 171: Train Loss = 2107.735596
Epoch 172: Train Loss = 2107.258684
Epoch 173: Train Loss = 2106.937081
Epoch 174: Train Loss = 2107.951765
Epoch 175: Train Loss = 2106.127825
Epoch 176: Train Loss = 2106.430577
Epoch 177: Train Loss = 2106.348110
Epoch 178: Train Loss = 2106.034197
Epoch 179: Train Loss = 2106.604283
Epoch 180: Train Loss = 2106.723354
Epoch 181: Train Loss = 2107.490914
Epoch 182: Train Loss = 2106.065709
Epoch 183: Train Loss = 2105.324411
Epoch 184: Train Loss = 2105.406825
Epoch 185: Train Loss = 2105.658500
Epoch 186: Train Loss = 2105.389683
Epoch 187: Train Loss = 2105.804443
Epoch 188: Train Loss = 2105.581613
Epoch 189: Train Loss = 2105.365967
Epoch 190: Train Loss = 2105.484549
Epoch 191: Train Loss = 2105.271101
Epoch 192: Train Loss = 2104.929513
Epoch 193: Train Loss = 2104.869629
Epoch 194: Train Loss = 2104.534633
Epoch 195: Train Loss = 2105.043544
Epoch 196: Train Loss = 2104.933855
Epoch 197: Train Loss = 2104.016636
Epoch 198: Train Loss = 2104.281965
Epoch 199: Train Loss = 2104.332223
Epoch 200: Train Loss = 2104.081752
Job End: Tue Jan 27 06:24:52 PM CST 2026
