Job Start: Tue Jan 27 05:49:51 PM CST 2026
Node: cn1
Using device: cuda
开始训练 Spectral-Temporal Transformer...
Epoch 1: Train Loss = 8549.634487
Epoch 2: Train Loss = 8109.406041
Epoch 3: Train Loss = 8079.635463
Epoch 4: Train Loss = 7887.123675
Epoch 5: Train Loss = 7390.614118
Epoch 6: Train Loss = 6794.542411
Epoch 7: Train Loss = 7139.206055
Epoch 8: Train Loss = 7299.221889
Epoch 9: Train Loss = 7199.127860
Epoch 10: Train Loss = 6931.584752
Epoch 11: Train Loss = 6611.630441
Epoch 12: Train Loss = 6532.150321
Epoch 13: Train Loss = 5805.876046
Epoch 14: Train Loss = 5230.020159
Epoch 15: Train Loss = 5064.558733
Epoch 16: Train Loss = 5069.150391
Epoch 17: Train Loss = 5045.340820
Epoch 18: Train Loss = 5037.457868
Epoch 19: Train Loss = 4996.605818
Epoch 20: Train Loss = 4920.802525
Epoch 21: Train Loss = 4823.766915
Epoch 22: Train Loss = 4694.922817
Epoch 23: Train Loss = 4622.084124
Epoch 24: Train Loss = 4575.139997
Epoch 25: Train Loss = 4568.774135
Epoch 26: Train Loss = 4599.974888
Epoch 27: Train Loss = 4781.623152
Epoch 28: Train Loss = 4621.092285
Epoch 29: Train Loss = 4596.541783
Epoch 30: Train Loss = 5307.984445
Epoch 31: Train Loss = 5538.085310
Epoch 32: Train Loss = 5429.536691
Epoch 33: Train Loss = 4855.190220
Epoch 34: Train Loss = 4705.426688
Epoch 35: Train Loss = 4633.018032
Epoch 36: Train Loss = 4595.034459
Epoch 37: Train Loss = 4569.474121
Epoch 38: Train Loss = 4564.504813
Epoch 39: Train Loss = 4561.532227
Epoch 40: Train Loss = 4554.843541
Epoch 41: Train Loss = 4550.128139
Epoch 42: Train Loss = 4547.432443
Epoch 43: Train Loss = 4544.103934
Epoch 44: Train Loss = 4539.640834
Epoch 45: Train Loss = 4534.270717
Epoch 46: Train Loss = 4529.514579
Epoch 47: Train Loss = 4526.077881
Epoch 48: Train Loss = 4517.078474
Epoch 49: Train Loss = 4512.509487
Epoch 50: Train Loss = 4509.066371
Epoch 51: Train Loss = 4497.896833
Epoch 52: Train Loss = 4492.861014
Epoch 53: Train Loss = 4481.238491
Epoch 54: Train Loss = 4487.657785
Epoch 55: Train Loss = 4465.755929
Epoch 56: Train Loss = 4451.208705
Epoch 57: Train Loss = 4468.220389
Epoch 58: Train Loss = 4428.619559
Epoch 59: Train Loss = 4409.108119
Epoch 60: Train Loss = 4393.466030
Epoch 61: Train Loss = 4355.594727
Epoch 62: Train Loss = 4369.959438
Epoch 63: Train Loss = 4391.964600
Epoch 64: Train Loss = 4392.670131
Epoch 65: Train Loss = 4371.304060
Epoch 66: Train Loss = 4339.067174
Epoch 67: Train Loss = 4330.500488
Epoch 68: Train Loss = 4288.906110
Epoch 69: Train Loss = 4326.715367
Epoch 70: Train Loss = 4290.618548
Epoch 71: Train Loss = 4276.462751
Epoch 72: Train Loss = 4273.465751
Epoch 73: Train Loss = 4281.820731
Epoch 74: Train Loss = 4321.505615
Epoch 75: Train Loss = 4322.587681
Epoch 76: Train Loss = 4291.500977
Epoch 77: Train Loss = 4238.623989
Epoch 78: Train Loss = 4290.267090
Epoch 79: Train Loss = 4266.875802
Epoch 80: Train Loss = 4243.855783
Epoch 81: Train Loss = 4234.126918
Epoch 82: Train Loss = 4208.763288
Epoch 83: Train Loss = 4190.273019
Epoch 84: Train Loss = 4156.568569
Epoch 85: Train Loss = 4177.075753
Epoch 86: Train Loss = 4163.225342
Epoch 87: Train Loss = 4254.649693
Epoch 88: Train Loss = 4233.241316
Epoch 89: Train Loss = 4214.274135
Epoch 90: Train Loss = 4153.121303
Epoch 91: Train Loss = 4132.174735
Epoch 92: Train Loss = 4094.937360
Epoch 93: Train Loss = 4071.746303
Epoch 94: Train Loss = 4051.998989
Epoch 95: Train Loss = 4098.160610
Epoch 96: Train Loss = 4071.932199
Epoch 97: Train Loss = 4041.014962
Epoch 98: Train Loss = 4023.463379
Epoch 99: Train Loss = 3971.193255
Epoch 100: Train Loss = 3941.059047
Epoch 101: Train Loss = 3923.998152
Epoch 102: Train Loss = 3923.504569
Epoch 103: Train Loss = 3910.884417
Epoch 104: Train Loss = 3900.933036
Epoch 105: Train Loss = 3991.318185
Epoch 106: Train Loss = 3968.922433
Epoch 107: Train Loss = 3941.678153
Epoch 108: Train Loss = 3958.480887
Epoch 109: Train Loss = 3906.329171
Epoch 110: Train Loss = 3886.442662
Epoch 111: Train Loss = 3828.423410
Epoch 112: Train Loss = 3866.409424
Epoch 113: Train Loss = 3801.071289
Epoch 114: Train Loss = 3770.448172
Epoch 115: Train Loss = 3734.020229
Epoch 116: Train Loss = 3724.367397
Epoch 117: Train Loss = 3685.054932
Epoch 118: Train Loss = 3687.322231
Epoch 119: Train Loss = 3645.530099
Epoch 120: Train Loss = 3624.501848
Epoch 121: Train Loss = 3626.977365
Epoch 122: Train Loss = 3630.057896
Epoch 123: Train Loss = 3598.168527
Epoch 124: Train Loss = 3608.784842
Epoch 125: Train Loss = 3676.533133
Epoch 126: Train Loss = 3643.002790
Epoch 127: Train Loss = 3576.241420
Epoch 128: Train Loss = 3548.262870
Epoch 129: Train Loss = 3575.956159
Epoch 130: Train Loss = 3590.764648
Epoch 131: Train Loss = 3582.499477
Epoch 132: Train Loss = 3558.911412
Epoch 133: Train Loss = 3486.532296
Epoch 134: Train Loss = 3477.706682
Epoch 135: Train Loss = 3431.835658
Epoch 136: Train Loss = 3441.665737
Epoch 137: Train Loss = 3411.721366
Epoch 138: Train Loss = 3399.597621
Epoch 139: Train Loss = 3399.787563
Epoch 140: Train Loss = 3403.854492
Epoch 141: Train Loss = 3418.697963
Epoch 142: Train Loss = 3401.405134
Epoch 143: Train Loss = 3384.696429
Epoch 144: Train Loss = 3384.487200
Epoch 145: Train Loss = 3345.926897
Epoch 146: Train Loss = 3411.967041
Epoch 147: Train Loss = 3420.269880
Epoch 148: Train Loss = 3413.715751
Epoch 149: Train Loss = 3386.658378
Epoch 150: Train Loss = 3347.016602
Epoch 151: Train Loss = 3322.384347
Epoch 152: Train Loss = 3304.887068
Epoch 153: Train Loss = 3298.311000
Epoch 154: Train Loss = 3275.999860
Epoch 155: Train Loss = 3279.591064
Epoch 156: Train Loss = 3217.350656
Epoch 157: Train Loss = 3287.380511
Epoch 158: Train Loss = 3265.920131
Epoch 159: Train Loss = 3197.327253
Epoch 160: Train Loss = 3174.328474
Epoch 161: Train Loss = 3192.914621
Epoch 162: Train Loss = 3178.257603
Epoch 163: Train Loss = 3172.873814
Epoch 164: Train Loss = 3152.723458
Epoch 165: Train Loss = 3111.449568
Epoch 166: Train Loss = 3155.503697
Epoch 167: Train Loss = 3175.059919
Epoch 168: Train Loss = 3165.659982
Epoch 169: Train Loss = 3156.608468
Epoch 170: Train Loss = 3107.064209
Epoch 171: Train Loss = 3104.142194
Epoch 172: Train Loss = 3109.137242
Epoch 173: Train Loss = 3147.525984
Epoch 174: Train Loss = 3172.642892
Epoch 175: Train Loss = 3163.339739
Epoch 176: Train Loss = 3068.494489
Epoch 177: Train Loss = 3003.676479
Epoch 178: Train Loss = 2970.463344
Epoch 179: Train Loss = 2950.635707
Epoch 180: Train Loss = 2922.393345
Epoch 181: Train Loss = 2908.565220
Epoch 182: Train Loss = 2899.024728
Epoch 183: Train Loss = 2901.231864
Epoch 184: Train Loss = 2989.821568
Epoch 185: Train Loss = 2970.109061
Epoch 186: Train Loss = 2940.181536
Epoch 187: Train Loss = 2896.911237
Epoch 188: Train Loss = 2909.779088
Epoch 189: Train Loss = 2899.673793
Epoch 190: Train Loss = 2947.277727
Epoch 191: Train Loss = 2893.809501
Epoch 192: Train Loss = 2831.991560
Epoch 193: Train Loss = 2819.954694
Epoch 194: Train Loss = 2852.505964
Epoch 195: Train Loss = 2824.497768
Epoch 196: Train Loss = 2778.490444
Epoch 197: Train Loss = 2779.554234
Epoch 198: Train Loss = 2759.099923
Epoch 199: Train Loss = 2737.403948
Epoch 200: Train Loss = 2724.569894
Job End: Tue Jan 27 05:50:31 PM CST 2026
