\BOOKMARK [1][-]{section.1}{\376\377\137\025\212\000}{}% 1
\BOOKMARK [2][-]{subsection.1.1}{\376\377\000F\000A\000L\000Q\000O\000N\377\032\155\210\226\144\117\030\123\026\137\252\163\257\166\204\116\343\116\367}{section.1}% 2
\BOOKMARK [2][-]{subsection.1.2}{\376\377\147\054\145\207\166\204\150\070\137\303\140\035\140\363\116\016\215\041\163\056}{section.1}% 3
\BOOKMARK [1][-]{section.2}{\376\377\230\204\131\007\167\345\213\306}{}% 4
\BOOKMARK [2][-]{subsection.2.1}{\376\377\000F\000A\000L\000Q\000O\000N\000\040\173\227\154\325}{section.2}% 5
\BOOKMARK [2][-]{subsection.2.2}{\376\377\126\376\166\204\142\311\146\156\142\311\145\257\214\061}{section.2}% 6
\BOOKMARK [2][-]{subsection.2.3}{\376\377\123\302\145\160\226\306\116\055\163\260\214\141}{section.2}% 7
\BOOKMARK [2][-]{subsection.2.4}{\376\377\221\317\133\120\126\152\130\360\152\041\127\213}{section.2}% 8
\BOOKMARK [2][-]{subsection.2.5}{\376\377\000F\000A\000L\000Q\000O\000N\000\040\173\227\154\325}{section.2}% 9
\BOOKMARK [2][-]{subsection.2.6}{\376\377\126\376\166\204\142\311\146\156\142\311\145\257\214\061}{section.2}% 10
\BOOKMARK [1][-]{section.3}{\376\377\145\271\154\325}{}% 11
\BOOKMARK [2][-]{subsection.3.1}{\376\377\225\356\230\230\137\142\137\017\123\026}{section.3}% 12
\BOOKMARK [2][-]{subsection.3.2}{\376\377\152\041\127\213\147\266\147\204}{section.3}% 13
\BOOKMARK [3][-]{subsubsection.3.2.1}{\376\377\173\046\123\367\116\015\123\330\214\061\177\026\170\001\126\150\377\010\000S\000i\000g\000n\000N\000e\000t\377\011}{subsection.3.2}% 14
\BOOKMARK [3][-]{subsubsection.3.2.2}{\376\377\126\376\121\150\134\100\210\150\171\072}{subsection.3.2}% 15
\BOOKMARK [3][-]{subsubsection.3.2.3}{\376\377\145\366\136\217\211\343\170\001\126\150}{subsection.3.2}% 16
\BOOKMARK [3][-]{subsubsection.3.2.4}{\376\377\217\223\121\372\131\064}{subsection.3.2}% 17
\BOOKMARK [2][-]{subsection.3.3}{\376\377\227\142\124\021\142\151\134\125\140\047\166\204\213\276\213\241\200\003\221\317}{section.3}% 18
\BOOKMARK [2][-]{subsection.3.4}{\376\377\213\255\176\303\173\126\165\145}{section.3}% 19
\BOOKMARK [3][-]{subsubsection.3.4.1}{\376\377\000S\000c\000h\000e\000d\000u\000l\000e\000d\000\040\000S\000a\000m\000p\000l\000i\000n\000g}{subsection.3.4}% 20
\BOOKMARK [3][-]{subsubsection.3.4.2}{\376\377\143\137\131\061\121\375\145\160}{subsection.3.4}% 21
\BOOKMARK [2][-]{subsection.3.5}{\376\377\131\015\147\102\136\246\122\006\147\220}{section.3}% 22
\BOOKMARK [2][-]{subsection.3.6}{\376\377\152\041\127\213\147\266\147\204}{section.3}% 23
\BOOKMARK [3][-]{subsubsection.3.6.1}{\376\377\173\046\123\367\116\015\123\330\214\061\177\026\170\001\126\150\377\010\000S\000i\000g\000n\000N\000e\000t\377\011}{subsection.3.6}% 24
\BOOKMARK [3][-]{subsubsection.3.6.2}{\376\377\145\366\136\217\211\343\170\001\126\150}{subsection.3.6}% 25
\BOOKMARK [3][-]{subsubsection.3.6.3}{\376\377\217\223\121\372\131\064}{subsection.3.6}% 26
\BOOKMARK [2][-]{subsection.3.7}{\376\377\213\255\176\303\173\126\165\145}{section.3}% 27
\BOOKMARK [3][-]{subsubsection.3.7.1}{\376\377\000S\000c\000h\000e\000d\000u\000l\000e\000d\000\040\000S\000a\000m\000p\000l\000i\000n\000g}{subsection.3.7}% 28
\BOOKMARK [3][-]{subsubsection.3.7.2}{\376\377\143\137\131\061\121\375\145\160}{subsection.3.7}% 29
\BOOKMARK [1][-]{section.4}{\376\377\133\236\232\214}{}% 30
\BOOKMARK [2][-]{subsection.4.1}{\376\377\133\236\232\214\213\276\177\156}{section.4}% 31
\BOOKMARK [3][-]{subsubsection.4.1.1}{\376\377\145\160\143\156\226\306}{subsection.4.1}% 32
\BOOKMARK [3][-]{subsubsection.4.1.2}{\376\377\213\304\117\060\143\007\150\007}{subsection.4.1}% 33
\BOOKMARK [3][-]{subsubsection.4.1.3}{\376\377\150\067\147\054\122\006\174\173\150\007\121\306}{subsection.4.1}% 34
\BOOKMARK [2][-]{subsection.4.2}{\376\377\127\337\121\205\140\047\200\375\213\304\117\060}{section.4}% 35
\BOOKMARK [3][-]{subsubsection.4.2.1}{\376\377\150\067\147\054\122\006\174\173}{subsection.4.2}% 36
\BOOKMARK [2][-]{subsection.4.3}{\376\377\116\073\211\201\176\323\147\234}{section.4}% 37
\BOOKMARK [2][-]{subsection.4.4}{\376\377\133\232\140\047\122\006\147\220}{section.4}% 38
\BOOKMARK [2][-]{subsection.4.5}{\376\377\000C\000r\000o\000s\000s\000-\000s\000c\000a\000l\000e\000\040\000G\000e\000n\000e\000r\000a\000l\000i\000z\000a\000t\000i\000o\000n\000\040\000R\000e\000s\000u\000l\000t\000s}{section.4}% 39
\BOOKMARK [2][-]{subsection.4.6}{\376\377\000N\000o\000i\000s\000e\000\040\000R\000o\000b\000u\000s\000t\000n\000e\000s\000s\000\040\000R\000e\000s\000u\000l\000t\000s}{section.4}% 40
\BOOKMARK [2][-]{subsection.4.7}{\376\377\000S\000p\000e\000c\000t\000r\000a\000l\000\040\000D\000e\000n\000s\000i\000t\000y\000\040\000A\000n\000a\000l\000y\000s\000i\000s}{section.4}% 41
\BOOKMARK [2][-]{subsection.4.8}{\376\377\155\210\207\215\133\236\232\214}{section.4}% 42
\BOOKMARK [2][-]{subsection.4.9}{\376\377\164\006\213\272\122\006\147\220\377\032\230\204\155\113\213\357\135\356\166\204\234\201\150\322\140\047}{section.4}% 43
\BOOKMARK [1][-]{section.5}{\376\377\166\370\121\163\135\345\117\134}{}% 44
\BOOKMARK [2][-]{subsection.5.1}{\376\377\123\330\122\006\221\317\133\120\117\030\123\026}{section.5}% 45
\BOOKMARK [2][-]{subsection.5.2}{\376\377\127\372\116\216\123\315\231\210\166\204\221\317\133\120\143\247\122\066}{section.5}% 46
\BOOKMARK [2][-]{subsection.5.3}{\376\377\126\376\166\204\214\061\210\150\171\072\133\146\116\140}{section.5}% 47
\BOOKMARK [2][-]{subsection.5.4}{\376\377\162\151\164\006\117\341\140\157\171\136\176\317\177\121\176\334}{section.5}% 48
\BOOKMARK [2][-]{subsection.5.5}{\376\377\123\330\122\006\221\317\133\120\117\030\123\026}{section.5}% 49
\BOOKMARK [2][-]{subsection.5.6}{\376\377\127\372\116\216\123\315\231\210\166\204\221\317\133\120\143\247\122\066}{section.5}% 50
\BOOKMARK [2][-]{subsection.5.7}{\376\377\126\376\166\204\214\061\210\150\171\072\133\146\116\140}{section.5}% 51
\BOOKMARK [1][-]{section.6}{\376\377\176\323\213\272\116\016\147\052\147\145\135\345\117\134}{}% 52
\BOOKMARK [2][-]{subsection.6.1}{\376\377\116\073\211\201\215\041\163\056\140\073\176\323}{section.6}% 53
\BOOKMARK [2][-]{subsection.6.2}{\376\377\134\100\226\120\140\047}{section.6}% 54
\BOOKMARK [2][-]{subsection.6.3}{\376\377\147\052\147\145\135\345\117\134}{section.6}% 55
\BOOKMARK [2][-]{subsection.6.4}{\376\377\176\323\213\355}{section.6}% 56
